# JRE version: Java(TM) SE Runtime Environment (8.0_91-b15) (build 1.8.0_91-b15)
# Java VM: Java HotSpot(TM) 64-Bit Server VM (25.91-b15 mixed mode windows-amd64 compressed oops)
Heap:
 PSYoungGen      total 366592K, used 201652K [0x00000000d5580000, 0x00000000f2e00000, 0x0000000100000000)
  eden space 324608K, 60% used [0x00000000d5580000,0x00000000e15771d0,0x00000000e9280000)
  from space 41984K, 12% used [0x00000000ed280000,0x00000000ed7761b8,0x00000000efb80000)
  to   space 65536K, 0% used [0x00000000e9280000,0x00000000e9280000,0x00000000ed280000)
 ParOldGen       total 264192K, used 125537K [0x0000000080000000, 0x0000000090200000, 0x00000000d5580000)
  object space 264192K, 47% used [0x0000000080000000,0x0000000087a986e0,0x0000000090200000)
 Metaspace       used 77943K, capacity 85752K, committed 86016K, reserved 1122304K
  class space    used 11077K, capacity 13453K, committed 13568K, reserved 1048576K
GC Heap History (10 events):
Event: 48.891 GC heap before
{Heap before GC invocations=18 (full 3):
 PSYoungGen      total 293376K, used 270848K [0x00000000d5580000, 0x00000000e8e00000, 0x0000000100000000)
  eden space 270848K, 100% used [0x00000000d5580000,0x00000000e5e00000,0x00000000e5e00000)
  from space 22528K, 0% used [0x00000000e7800000,0x00000000e7800000,0x00000000e8e00000)
  to   space 24576K, 0% used [0x00000000e5e00000,0x00000000e5e00000,0x00000000e7600000)
 ParOldGen       total 125952K, used 36901K [0x0000000080000000, 0x0000000087b00000, 0x00000000d5580000)
  object space 125952K, 29% used [0x0000000080000000,0x00000000824094c0,0x0000000087b00000)
 Metaspace       used 62681K, capacity 64994K, committed 65024K, reserved 1105920K
  class space    used 8566K, capacity 9207K, committed 9216K, reserved 1048576K
Event: 48.913 GC heap after
Heap after GC invocations=18 (full 3):
 PSYoungGen      total 295424K, used 19621K [0x00000000d5580000, 0x00000000ec180000, 0x0000000100000000)
  eden space 270848K, 0% used [0x00000000d5580000,0x00000000d5580000,0x00000000e5e00000)
  from space 24576K, 79% used [0x00000000e5e00000,0x00000000e7129518,0x00000000e7600000)
  to   space 26112K, 0% used [0x00000000ea800000,0x00000000ea800000,0x00000000ec180000)
 ParOldGen       total 125952K, used 36909K [0x0000000080000000, 0x0000000087b00000, 0x00000000d5580000)
  object space 125952K, 29% used [0x0000000080000000,0x000000008240b4c0,0x0000000087b00000)
 Metaspace       used 62681K, capacity 64994K, committed 65024K, reserved 1105920K
  class space    used 8566K, capacity 9207K, committed 9216K, reserved 1048576K
}
Event: 66.174 GC heap before
{Heap before GC invocations=19 (full 3):
 PSYoungGen      total 295424K, used 290469K [0x00000000d5580000, 0x00000000ec180000, 0x0000000100000000)
  eden space 270848K, 100% used [0x00000000d5580000,0x00000000e5e00000,0x00000000e5e00000)
  from space 24576K, 79% used [0x00000000e5e00000,0x00000000e7129518,0x00000000e7600000)
  to   space 26112K, 0% used [0x00000000ea800000,0x00000000ea800000,0x00000000ec180000)
 ParOldGen       total 125952K, used 36909K [0x0000000080000000, 0x0000000087b00000, 0x00000000d5580000)
  object space 125952K, 29% used [0x0000000080000000,0x000000008240b4c0,0x0000000087b00000)
 Metaspace       used 65196K, capacity 67832K, committed 68096K, reserved 1107968K
  class space    used 8944K, capacity 9691K, committed 9728K, reserved 1048576K
Event: 66.330 GC heap after
Heap after GC invocations=19 (full 3):
 PSYoungGen      total 335872K, used 26100K [0x00000000d5580000, 0x00000000ed480000, 0x0000000100000000)
  eden space 309760K, 0% used [0x00000000d5580000,0x00000000d5580000,0x00000000e8400000)
  from space 26112K, 99% used [0x00000000ea800000,0x00000000ec17d008,0x00000000ec180000)
  to   space 36864K, 0% used [0x00000000e8400000,0x00000000e8400000,0x00000000ea800000)
 ParOldGen       total 125952K, used 55167K [0x0000000080000000, 0x0000000087b00000, 0x00000000d5580000)
  object space 125952K, 43% used [0x0000000080000000,0x00000000835dfc50,0x0000000087b00000)
 Metaspace       used 65196K, capacity 67832K, committed 68096K, reserved 1107968K
  class space    used 8944K, capacity 9691K, committed 9728K, reserved 1048576K
}
Event: 70.136 GC heap before
{Heap before GC invocations=20 (full 3):
 PSYoungGen      total 335872K, used 335860K [0x00000000d5580000, 0x00000000ed480000, 0x0000000100000000)
  eden space 309760K, 100% used [0x00000000d5580000,0x00000000e8400000,0x00000000e8400000)
  from space 26112K, 99% used [0x00000000ea800000,0x00000000ec17d008,0x00000000ec180000)
  to   space 36864K, 0% used [0x00000000e8400000,0x00000000e8400000,0x00000000ea800000)
 ParOldGen       total 125952K, used 55167K [0x0000000080000000, 0x0000000087b00000, 0x00000000d5580000)
  object space 125952K, 43% used [0x0000000080000000,0x00000000835dfc50,0x0000000087b00000)
 Metaspace       used 71254K, capacity 75302K, committed 75392K, reserved 1114112K
  class space    used 9941K, capacity 11095K, committed 11136K, reserved 1048576K
Event: 70.192 GC heap after
Heap after GC invocations=20 (full 3):
 PSYoungGen      total 346624K, used 34985K [0x00000000d5580000, 0x00000000efb80000, 0x0000000100000000)
  eden space 309760K, 0% used [0x00000000d5580000,0x00000000d5580000,0x00000000e8400000)
  from space 36864K, 94% used [0x00000000e8400000,0x00000000ea62a498,0x00000000ea800000)
  to   space 41984K, 0% used [0x00000000ed280000,0x00000000ed280000,0x00000000efb80000)
 ParOldGen       total 125952K, used 69573K [0x0000000080000000, 0x0000000087b00000, 0x00000000d5580000)
  object space 125952K, 55% used [0x0000000080000000,0x00000000843f1700,0x0000000087b00000)
 Metaspace       used 71254K, capacity 75302K, committed 75392K, reserved 1114112K
  class space    used 9941K, capacity 11095K, committed 11136K, reserved 1048576K
}
Event: 74.848 GC heap before
{Heap before GC invocations=21 (full 3):
 PSYoungGen      total 346624K, used 344745K [0x00000000d5580000, 0x00000000efb80000, 0x0000000100000000)
  eden space 309760K, 100% used [0x00000000d5580000,0x00000000e8400000,0x00000000e8400000)
  from space 36864K, 94% used [0x00000000e8400000,0x00000000ea62a498,0x00000000ea800000)
  to   space 41984K, 0% used [0x00000000ed280000,0x00000000ed280000,0x00000000efb80000)
 ParOldGen       total 125952K, used 69573K [0x0000000080000000, 0x0000000087b00000, 0x00000000d5580000)
  object space 125952K, 55% used [0x0000000080000000,0x00000000843f1700,0x0000000087b00000)
 Metaspace       used 76165K, capacity 83634K, committed 83840K, reserved 1120256K
  class space    used 10883K, capacity 13158K, committed 13184K, reserved 1048576K
Event: 74.946 GC heap after
Heap after GC invocations=21 (full 3):
 PSYoungGen      total 366592K, used 41952K [0x00000000d5580000, 0x00000000f2e00000, 0x0000000100000000)
  eden space 324608K, 0% used [0x00000000d5580000,0x00000000d5580000,0x00000000e9280000)
  from space 41984K, 99% used [0x00000000ed280000,0x00000000efb78010,0x00000000efb80000)
  to   space 65536K, 0% used [0x00000000e9280000,0x00000000e9280000,0x00000000ed280000)
 ParOldGen       total 125952K, used 115264K [0x0000000080000000, 0x0000000087b00000, 0x00000000d5580000)
  object space 125952K, 91% used [0x0000000080000000,0x0000000087090100,0x0000000087b00000)
 Metaspace       used 76165K, capacity 83634K, committed 83840K, reserved 1120256K
  class space    used 10883K, capacity 13158K, committed 13184K, reserved 1048576K
}
Event: 74.946 GC heap before
{Heap before GC invocations=22 (full 4):
 PSYoungGen      total 366592K, used 41952K [0x00000000d5580000, 0x00000000f2e00000, 0x0000000100000000)
  eden space 324608K, 0% used [0x00000000d5580000,0x00000000d5580000,0x00000000e9280000)
  from space 41984K, 99% used [0x00000000ed280000,0x00000000efb78010,0x00000000efb80000)
  to   space 65536K, 0% used [0x00000000e9280000,0x00000000e9280000,0x00000000ed280000)
 ParOldGen       total 125952K, used 115264K [0x0000000080000000, 0x0000000087b00000, 0x00000000d5580000)
  object space 125952K, 91% used [0x0000000080000000,0x0000000087090100,0x0000000087b00000)
 Metaspace       used 76165K, capacity 83634K, committed 83840K, reserved 1120256K
  class space    used 10883K, capacity 13158K, committed 13184K, reserved 1048576K
Event: 75.584 GC heap after
Heap after GC invocations=22 (full 4):
 PSYoungGen      total 366592K, used 5080K [0x00000000d5580000, 0x00000000f2e00000, 0x0000000100000000)
  eden space 324608K, 0% used [0x00000000d5580000,0x00000000d5580000,0x00000000e9280000)
  from space 41984K, 12% used [0x00000000ed280000,0x00000000ed7761b8,0x00000000efb80000)
  to   space 65536K, 0% used [0x00000000e9280000,0x00000000e9280000,0x00000000ed280000)
 ParOldGen       total 264192K, used 125537K [0x0000000080000000, 0x0000000090200000, 0x00000000d5580000)
  object space 264192K, 47% used [0x0000000080000000,0x0000000087a986e0,0x0000000090200000)
 Metaspace       used 76165K, capacity 83634K, committed 83840K, reserved 1120256K
  class space    used 10883K, capacity 13158K, committed 13184K, reserved 1048576K
}

