# JRE version: Java(TM) SE Runtime Environment (8.0_91-b15) (build 1.8.0_91-b15)
# Java VM: Java HotSpot(TM) 64-Bit Server VM (25.91-b15 mixed mode windows-amd64 compressed oops)
Heap:
 PSYoungGen      total 605184K, used 302602K [0x00000000d5580000, 0x00000000ff980000, 0x0000000100000000)
  eden space 525312K, 55% used [0x00000000d5580000,0x00000000e71353c8,0x00000000f5680000)
  from space 79872K, 15% used [0x00000000fab80000,0x00000000fb74d808,0x00000000ff980000)
  to   space 83456K, 0% used [0x00000000f5680000,0x00000000f5680000,0x00000000fa800000)
 ParOldGen       total 354816K, used 312651K [0x0000000080000000, 0x0000000095a80000, 0x00000000d5580000)
  object space 354816K, 88% used [0x0000000080000000,0x0000000093152cd0,0x0000000095a80000)
 Metaspace       used 106677K, capacity 115564K, committed 117056K, reserved 1148928K
  class space    used 13864K, capacity 16434K, committed 17024K, reserved 1048576K
GC Heap History (10 events):
Event: 163.730 GC heap before
{Heap before GC invocations=45 (full 5):
 PSYoungGen      total 583168K, used 497392K [0x00000000d5580000, 0x0000000100000000, 0x0000000100000000)
  eden space 484352K, 100% used [0x00000000d5580000,0x00000000f2e80000,0x00000000f2e80000)
  from space 98816K, 13% used [0x00000000f2e80000,0x00000000f3b3c328,0x00000000f8f00000)
  to   space 97280K, 0% used [0x00000000fa100000,0x00000000fa100000,0x0000000100000000)
 ParOldGen       total 354816K, used 285048K [0x0000000080000000, 0x0000000095a80000, 0x00000000d5580000)
  object space 354816K, 80% used [0x0000000080000000,0x000000009165e220,0x0000000095a80000)
 Metaspace       used 101828K, capacity 110486K, committed 112192K, reserved 1144832K
  class space    used 13328K, capacity 15877K, committed 16512K, reserved 1048576K
Event: 163.742 GC heap after
Heap after GC invocations=45 (full 5):
 PSYoungGen      total 593408K, used 16190K [0x00000000d5580000, 0x00000000ff980000, 0x0000000100000000)
  eden space 502784K, 0% used [0x00000000d5580000,0x00000000d5580000,0x00000000f4080000)
  from space 90624K, 17% used [0x00000000fa100000,0x00000000fb0cf940,0x00000000ff980000)
  to   space 94720K, 0% used [0x00000000f4080000,0x00000000f4080000,0x00000000f9d00000)
 ParOldGen       total 354816K, used 288230K [0x0000000080000000, 0x0000000095a80000, 0x00000000d5580000)
  object space 354816K, 81% used [0x0000000080000000,0x00000000919799a0,0x0000000095a80000)
 Metaspace       used 101828K, capacity 110486K, committed 112192K, reserved 1144832K
  class space    used 13328K, capacity 15877K, committed 16512K, reserved 1048576K
}
Event: 165.237 GC heap before
{Heap before GC invocations=46 (full 5):
 PSYoungGen      total 593408K, used 518974K [0x00000000d5580000, 0x00000000ff980000, 0x0000000100000000)
  eden space 502784K, 100% used [0x00000000d5580000,0x00000000f4080000,0x00000000f4080000)
  from space 90624K, 17% used [0x00000000fa100000,0x00000000fb0cf940,0x00000000ff980000)
  to   space 94720K, 0% used [0x00000000f4080000,0x00000000f4080000,0x00000000f9d00000)
 ParOldGen       total 354816K, used 288744K [0x0000000080000000, 0x0000000095a80000, 0x00000000d5580000)
  object space 354816K, 81% used [0x0000000080000000,0x00000000919fa1e8,0x0000000095a80000)
 Metaspace       used 101868K, capacity 110556K, committed 112192K, reserved 1144832K
  class space    used 13330K, capacity 15878K, committed 16512K, reserved 1048576K
Event: 165.257 GC heap after
Heap after GC invocations=46 (full 5):
 PSYoungGen      total 597504K, used 27216K [0x00000000d5580000, 0x00000000ffa00000, 0x0000000100000000)
  eden space 502784K, 0% used [0x00000000d5580000,0x00000000d5580000,0x00000000f4080000)
  from space 94720K, 28% used [0x00000000f4080000,0x00000000f5b14208,0x00000000f9d00000)
  to   space 89600K, 0% used [0x00000000fa280000,0x00000000fa280000,0x00000000ffa00000)
 ParOldGen       total 354816K, used 295743K [0x0000000080000000, 0x0000000095a80000, 0x00000000d5580000)
  object space 354816K, 83% used [0x0000000080000000,0x00000000920cfcc0,0x0000000095a80000)
 Metaspace       used 101868K, capacity 110556K, committed 112192K, reserved 1144832K
  class space    used 13330K, capacity 15878K, committed 16512K, reserved 1048576K
}
Event: 172.071 GC heap before
{Heap before GC invocations=47 (full 5):
 PSYoungGen      total 597504K, used 530000K [0x00000000d5580000, 0x00000000ffa00000, 0x0000000100000000)
  eden space 502784K, 100% used [0x00000000d5580000,0x00000000f4080000,0x00000000f4080000)
  from space 94720K, 28% used [0x00000000f4080000,0x00000000f5b14208,0x00000000f9d00000)
  to   space 89600K, 0% used [0x00000000fa280000,0x00000000fa280000,0x00000000ffa00000)
 ParOldGen       total 354816K, used 295761K [0x0000000080000000, 0x0000000095a80000, 0x00000000d5580000)
  object space 354816K, 83% used [0x0000000080000000,0x00000000920d4428,0x0000000095a80000)
 Metaspace       used 105582K, capacity 114396K, committed 116032K, reserved 1148928K
  class space    used 13805K, capacity 16384K, committed 17024K, reserved 1048576K
Event: 172.097 GC heap after
Heap after GC invocations=47 (full 5):
 PSYoungGen      total 600064K, used 16163K [0x00000000d5580000, 0x00000000ff600000, 0x0000000100000000)
  eden space 514560K, 0% used [0x00000000d5580000,0x00000000d5580000,0x00000000f4c00000)
  from space 85504K, 18% used [0x00000000fa280000,0x00000000fb248da0,0x00000000ff600000)
  to   space 87040K, 0% used [0x00000000f4c00000,0x00000000f4c00000,0x00000000fa100000)
 ParOldGen       total 354816K, used 299176K [0x0000000080000000, 0x0000000095a80000, 0x00000000d5580000)
  object space 354816K, 84% used [0x0000000080000000,0x000000009242a1d8,0x0000000095a80000)
 Metaspace       used 105582K, capacity 114396K, committed 116032K, reserved 1148928K
  class space    used 13805K, capacity 16384K, committed 17024K, reserved 1048576K
}
Event: 174.614 GC heap before
{Heap before GC invocations=48 (full 5):
 PSYoungGen      total 600064K, used 530723K [0x00000000d5580000, 0x00000000ff600000, 0x0000000100000000)
  eden space 514560K, 100% used [0x00000000d5580000,0x00000000f4c00000,0x00000000f4c00000)
  from space 85504K, 18% used [0x00000000fa280000,0x00000000fb248da0,0x00000000ff600000)
  to   space 87040K, 0% used [0x00000000f4c00000,0x00000000f4c00000,0x00000000fa100000)
 ParOldGen       total 354816K, used 299176K [0x0000000080000000, 0x0000000095a80000, 0x00000000d5580000)
  object space 354816K, 84% used [0x0000000080000000,0x000000009242a1d8,0x0000000095a80000)
 Metaspace       used 105671K, capacity 114512K, committed 116032K, reserved 1148928K
  class space    used 13810K, capacity 16392K, committed 17024K, reserved 1048576K
Event: 174.631 GC heap after
Heap after GC invocations=48 (full 5):
 PSYoungGen      total 601600K, used 4214K [0x00000000d5580000, 0x0000000100000000, 0x0000000100000000)
  eden space 514560K, 0% used [0x00000000d5580000,0x00000000d5580000,0x00000000f4c00000)
  from space 87040K, 4% used [0x00000000f4c00000,0x00000000f501d828,0x00000000fa100000)
  to   space 86528K, 0% used [0x00000000fab80000,0x00000000fab80000,0x0000000100000000)
 ParOldGen       total 354816K, used 311118K [0x0000000080000000, 0x0000000095a80000, 0x00000000d5580000)
  object space 354816K, 87% used [0x0000000080000000,0x0000000092fd38b8,0x0000000095a80000)
 Metaspace       used 105671K, capacity 114512K, committed 116032K, reserved 1148928K
  class space    used 13810K, capacity 16392K, committed 17024K, reserved 1048576K
}
Event: 179.798 GC heap before
{Heap before GC invocations=49 (full 5):
 PSYoungGen      total 601600K, used 518774K [0x00000000d5580000, 0x0000000100000000, 0x0000000100000000)
  eden space 514560K, 100% used [0x00000000d5580000,0x00000000f4c00000,0x00000000f4c00000)
  from space 87040K, 4% used [0x00000000f4c00000,0x00000000f501d828,0x00000000fa100000)
  to   space 86528K, 0% used [0x00000000fab80000,0x00000000fab80000,0x0000000100000000)
 ParOldGen       total 354816K, used 311118K [0x0000000080000000, 0x0000000095a80000, 0x00000000d5580000)
  object space 354816K, 87% used [0x0000000080000000,0x0000000092fd38b8,0x0000000095a80000)
 Metaspace       used 106412K, capacity 115342K, committed 116800K, reserved 1148928K
  class space    used 13859K, capacity 16429K, committed 17024K, reserved 1048576K
Event: 179.822 GC heap after
Heap after GC invocations=49 (full 5):
 PSYoungGen      total 605184K, used 12086K [0x00000000d5580000, 0x00000000ff980000, 0x0000000100000000)
  eden space 525312K, 0% used [0x00000000d5580000,0x00000000d5580000,0x00000000f5680000)
  from space 79872K, 15% used [0x00000000fab80000,0x00000000fb74d808,0x00000000ff980000)
  to   space 83456K, 0% used [0x00000000f5680000,0x00000000f5680000,0x00000000fa800000)
 ParOldGen       total 354816K, used 312651K [0x0000000080000000, 0x0000000095a80000, 0x00000000d5580000)
  object space 354816K, 88% used [0x0000000080000000,0x0000000093152cd0,0x0000000095a80000)
 Metaspace       used 106412K, capacity 115342K, committed 116800K, reserved 1148928K
  class space    used 13859K, capacity 16429K, committed 17024K, reserved 1048576K
}

