{"/Users/rodrigonascimento/Projects/Rocket.Chat.ReactNative/app/components/RoomItem.js": {"path":"/Users/rodrigonascimento/Projects/Rocket.Chat.ReactNative/app/components/RoomItem.js","statementMap":{"0":{"start":{"line":7,"column":0},"end":{"line":7,"column":25}},"1":{"start":{"line":11,"column":15},"end":{"line":60,"column":2}},"2":{"start":{"line":71,"column":34},"end":{"line":71,"column":44}},"3":{"start":{"line":73,"column":15},"end":{"line":78,"column":9}},"4":{"start":{"line":80,"column":2},"end":{"line":82,"column":3}},"5":{"start":{"line":81,"column":3},"end":{"line":81,"column":15}},"6":{"start":{"line":84,"column":2},"end":{"line":92,"column":3}},"7":{"start":{"line":85,"column":31},"end":{"line":85,"column":59}},"8":{"start":{"line":86,"column":3},"end":{"line":91,"column":5}},"9":{"start":{"line":94,"column":20},"end":{"line":94,"column":48}},"10":{"start":{"line":96,"column":2},"end":{"line":100,"column":4}},"11":{"start":{"line":104,"column":2},"end":{"line":106,"column":3}},"12":{"start":{"line":105,"column":3},"end":{"line":105,"column":10}},"13":{"start":{"line":108,"column":2},"end":{"line":110,"column":3}},"14":{"start":{"line":109,"column":3},"end":{"line":109,"column":19}},"15":{"start":{"line":112,"column":2},"end":{"line":116,"column":4}},"16":{"start":{"line":120,"column":27},"end":{"line":120,"column":37}},"17":{"start":{"line":122,"column":2},"end":{"line":128,"column":4}}},"fnMap":{"0":{"name":"(anonymous_0)","decl":{"start":{"line":70,"column":1},"end":{"line":70,"column":2}},"loc":{"start":{"line":70,"column":12},"end":{"line":101,"column":2}},"line":70},"1":{"name":"(anonymous_1)","decl":{"start":{"line":103,"column":16},"end":{"line":103,"column":17}},"loc":{"start":{"line":103,"column":28},"end":{"line":117,"column":2}},"line":103},"2":{"name":"(anonymous_2)","decl":{"start":{"line":119,"column":1},"end":{"line":119,"column":2}},"loc":{"start":{"line":119,"column":10},"end":{"line":129,"column":2}},"line":119}},"branchMap":{"0":{"loc":{"start":{"line":80,"column":2},"end":{"line":82,"column":3}},"type":"if","locations":[{"start":{"line":80,"column":2},"end":{"line":82,"column":3}},{"start":{"line":80,"column":2},"end":{"line":82,"column":3}}],"line":80},"1":{"loc":{"start":{"line":84,"column":2},"end":{"line":92,"column":3}},"type":"if","locations":[{"start":{"line":84,"column":2},"end":{"line":92,"column":3}},{"start":{"line":84,"column":2},"end":{"line":92,"column":3}}],"line":84},"2":{"loc":{"start":{"line":104,"column":2},"end":{"line":106,"column":3}},"type":"if","locations":[{"start":{"line":104,"column":2},"end":{"line":106,"column":3}},{"start":{"line":104,"column":2},"end":{"line":106,"column":3}}],"line":104},"3":{"loc":{"start":{"line":104,"column":6},"end":{"line":104,"column":28}},"type":"binary-expr","locations":[{"start":{"line":104,"column":6},"end":{"line":104,"column":13}},{"start":{"line":104,"column":17},"end":{"line":104,"column":28}}],"line":104},"4":{"loc":{"start":{"line":108,"column":2},"end":{"line":110,"column":3}},"type":"if","locations":[{"start":{"line":108,"column":2},"end":{"line":110,"column":3}},{"start":{"line":108,"column":2},"end":{"line":110,"column":3}}],"line":108}},"s":{"0":1,"1":1,"2":1,"3":1,"4":1,"5":0,"6":1,"7":1,"8":1,"9":0,"10":0,"11":1,"12":1,"13":0,"14":0,"15":0,"16":1,"17":1},"f":{"0":1,"1":1,"2":1},"b":{"0":[0,1],"1":[1,0],"2":[1,0],"3":[1,0],"4":[0,0]},"_coverageSchema":"332fd63041d2c1bcb487cc26dd0d5f7d97098a6c","hash":"1a3630b76528a797486da61552b0901eb6f39aaf"}
,"/Users/rodrigonascimento/Projects/Rocket.Chat.ReactNative/app/constants/colors.js": {"path":"/Users/rodrigonascimento/Projects/Rocket.Chat.ReactNative/app/constants/colors.js","statementMap":{"0":{"start":{"line":1,"column":29},"end":{"line":1,"column":227}},"1":{"start":{"line":2,"column":26},"end":{"line":2,"column":30}}},"fnMap":{},"branchMap":{},"s":{"0":1,"1":1},"f":{},"b":{},"_coverageSchema":"332fd63041d2c1bcb487cc26dd0d5f7d97098a6c","hash":"6284dad0efd0acc061f96680c6e59b465a058731"}
,"/Users/rodrigonascimento/Projects/Rocket.Chat.ReactNative/app/utils/avatarInitialsAndColor.js": {"path":"/Users/rodrigonascimento/Projects/Rocket.Chat.ReactNative/app/utils/avatarInitialsAndColor.js","statementMap":{"0":{"start":{"line":4,"column":18},"end":{"line":4,"column":56}},"1":{"start":{"line":6,"column":15},"end":{"line":6,"column":38}},"2":{"start":{"line":7,"column":1},"end":{"line":7,"column":100}},"3":{"start":{"line":9,"column":23},"end":{"line":9,"column":42}},"4":{"start":{"line":11,"column":16},"end":{"line":11,"column":160}},"5":{"start":{"line":12,"column":1},"end":{"line":12,"column":35}},"6":{"start":{"line":14,"column":1},"end":{"line":14,"column":28}}},"fnMap":{"0":{"name":"(anonymous_0)","decl":{"start":{"line":3,"column":15},"end":{"line":3,"column":16}},"loc":{"start":{"line":3,"column":39},"end":{"line":15,"column":1}},"line":3}},"branchMap":{"0":{"loc":{"start":{"line":3,"column":24},"end":{"line":3,"column":37}},"type":"default-arg","locations":[{"start":{"line":3,"column":35},"end":{"line":3,"column":37}}],"line":3},"1":{"loc":{"start":{"line":11,"column":16},"end":{"line":11,"column":160}},"type":"cond-expr","locations":[{"start":{"line":11,"column":43},"end":{"line":11,"column":107}},{"start":{"line":11,"column":110},"end":{"line":11,"column":160}}],"line":11}},"s":{"0":1,"1":1,"2":1,"3":1,"4":1,"5":1,"6":1},"f":{"0":1},"b":{"0":[0],"1":[0,1]},"_coverageSchema":"332fd63041d2c1bcb487cc26dd0d5f7d97098a6c","hash":"71f82ed0f6c31295c1916090885bad58fe88ebab"}
}
