{"/Users/rodrigonascimento/Projects/Rocket.Chat.ReactNative/app/components/RoomItem.js": {"path":"/Users/rodrigonascimento/Projects/Rocket.Chat.ReactNative/app/components/RoomItem.js","statementMap":{"0":{"start":{"line":9,"column":15},"end":{"line":58,"column":2}},"1":{"start":{"line":69,"column":34},"end":{"line":69,"column":44}},"2":{"start":{"line":71,"column":15},"end":{"line":76,"column":9}},"3":{"start":{"line":78,"column":2},"end":{"line":80,"column":3}},"4":{"start":{"line":79,"column":3},"end":{"line":79,"column":15}},"5":{"start":{"line":82,"column":2},"end":{"line":90,"column":3}},"6":{"start":{"line":83,"column":31},"end":{"line":83,"column":59}},"7":{"start":{"line":84,"column":3},"end":{"line":89,"column":5}},"8":{"start":{"line":92,"column":20},"end":{"line":92,"column":48}},"9":{"start":{"line":94,"column":2},"end":{"line":98,"column":4}},"10":{"start":{"line":102,"column":2},"end":{"line":104,"column":3}},"11":{"start":{"line":103,"column":3},"end":{"line":103,"column":10}},"12":{"start":{"line":106,"column":2},"end":{"line":108,"column":3}},"13":{"start":{"line":107,"column":3},"end":{"line":107,"column":19}},"14":{"start":{"line":110,"column":2},"end":{"line":114,"column":4}},"15":{"start":{"line":118,"column":27},"end":{"line":118,"column":37}},"16":{"start":{"line":120,"column":2},"end":{"line":126,"column":4}}},"fnMap":{"0":{"name":"(anonymous_0)","decl":{"start":{"line":68,"column":1},"end":{"line":68,"column":2}},"loc":{"start":{"line":68,"column":12},"end":{"line":99,"column":2}},"line":68},"1":{"name":"(anonymous_1)","decl":{"start":{"line":101,"column":16},"end":{"line":101,"column":17}},"loc":{"start":{"line":101,"column":28},"end":{"line":115,"column":2}},"line":101},"2":{"name":"(anonymous_2)","decl":{"start":{"line":117,"column":1},"end":{"line":117,"column":2}},"loc":{"start":{"line":117,"column":10},"end":{"line":127,"column":2}},"line":117}},"branchMap":{"0":{"loc":{"start":{"line":78,"column":2},"end":{"line":80,"column":3}},"type":"if","locations":[{"start":{"line":78,"column":2},"end":{"line":80,"column":3}},{"start":{"line":78,"column":2},"end":{"line":80,"column":3}}],"line":78},"1":{"loc":{"start":{"line":82,"column":2},"end":{"line":90,"column":3}},"type":"if","locations":[{"start":{"line":82,"column":2},"end":{"line":90,"column":3}},{"start":{"line":82,"column":2},"end":{"line":90,"column":3}}],"line":82},"2":{"loc":{"start":{"line":102,"column":2},"end":{"line":104,"column":3}},"type":"if","locations":[{"start":{"line":102,"column":2},"end":{"line":104,"column":3}},{"start":{"line":102,"column":2},"end":{"line":104,"column":3}}],"line":102},"3":{"loc":{"start":{"line":102,"column":6},"end":{"line":102,"column":28}},"type":"binary-expr","locations":[{"start":{"line":102,"column":6},"end":{"line":102,"column":13}},{"start":{"line":102,"column":17},"end":{"line":102,"column":28}}],"line":102},"4":{"loc":{"start":{"line":106,"column":2},"end":{"line":108,"column":3}},"type":"if","locations":[{"start":{"line":106,"column":2},"end":{"line":108,"column":3}},{"start":{"line":106,"column":2},"end":{"line":108,"column":3}}],"line":106}},"s":{"0":1,"1":1,"2":1,"3":1,"4":0,"5":1,"6":1,"7":1,"8":0,"9":0,"10":1,"11":1,"12":0,"13":0,"14":0,"15":1,"16":1},"f":{"0":1,"1":1,"2":1},"b":{"0":[0,1],"1":[1,0],"2":[1,0],"3":[1,0],"4":[0,0]},"_coverageSchema":"332fd63041d2c1bcb487cc26dd0d5f7d97098a6c","hash":"d139f6f5a86c5ec1234d16fff580f00149385d7e"}
,"/Users/rodrigonascimento/Projects/Rocket.Chat.ReactNative/app/constants/colors.js": {"path":"/Users/rodrigonascimento/Projects/Rocket.Chat.ReactNative/app/constants/colors.js","statementMap":{"0":{"start":{"line":1,"column":29},"end":{"line":1,"column":227}},"1":{"start":{"line":2,"column":26},"end":{"line":2,"column":30}}},"fnMap":{},"branchMap":{},"s":{"0":1,"1":1},"f":{},"b":{},"_coverageSchema":"332fd63041d2c1bcb487cc26dd0d5f7d97098a6c","hash":"6284dad0efd0acc061f96680c6e59b465a058731"}
,"/Users/rodrigonascimento/Projects/Rocket.Chat.ReactNative/app/utils/avatarInitialsAndColor.js": {"path":"/Users/rodrigonascimento/Projects/Rocket.Chat.ReactNative/app/utils/avatarInitialsAndColor.js","statementMap":{"0":{"start":{"line":4,"column":18},"end":{"line":4,"column":56}},"1":{"start":{"line":6,"column":15},"end":{"line":6,"column":38}},"2":{"start":{"line":7,"column":1},"end":{"line":7,"column":100}},"3":{"start":{"line":9,"column":23},"end":{"line":9,"column":42}},"4":{"start":{"line":11,"column":16},"end":{"line":11,"column":160}},"5":{"start":{"line":12,"column":1},"end":{"line":12,"column":35}},"6":{"start":{"line":14,"column":1},"end":{"line":14,"column":28}}},"fnMap":{"0":{"name":"(anonymous_0)","decl":{"start":{"line":3,"column":15},"end":{"line":3,"column":16}},"loc":{"start":{"line":3,"column":39},"end":{"line":15,"column":1}},"line":3}},"branchMap":{"0":{"loc":{"start":{"line":3,"column":24},"end":{"line":3,"column":37}},"type":"default-arg","locations":[{"start":{"line":3,"column":35},"end":{"line":3,"column":37}}],"line":3},"1":{"loc":{"start":{"line":11,"column":16},"end":{"line":11,"column":160}},"type":"cond-expr","locations":[{"start":{"line":11,"column":43},"end":{"line":11,"column":107}},{"start":{"line":11,"column":110},"end":{"line":11,"column":160}}],"line":11}},"s":{"0":1,"1":1,"2":1,"3":1,"4":1,"5":1,"6":1},"f":{"0":1},"b":{"0":[0],"1":[0,1]},"_coverageSchema":"332fd63041d2c1bcb487cc26dd0d5f7d97098a6c","hash":"71f82ed0f6c31295c1916090885bad58fe88ebab"}
}
