TN:
SF:/Users/rodrigonascimento/Projects/Rocket.Chat.ReactNative/app/components/RoomItem.js
FN:68,(anonymous_0)
FN:101,(anonymous_1)
FN:117,(anonymous_2)
FNF:3
FNH:3
FNDA:1,(anonymous_0)
FNDA:1,(anonymous_1)
FNDA:1,(anonymous_2)
DA:9,1
DA:69,1
DA:71,1
DA:78,1
DA:79,0
DA:82,1
DA:83,1
DA:84,1
DA:92,0
DA:94,0
DA:102,1
DA:103,1
DA:106,0
DA:107,0
DA:110,0
DA:118,1
DA:120,1
LF:17
LH:11
BRDA:78,0,0,0
BRDA:78,0,1,1
BRDA:82,1,0,1
BRDA:82,1,1,0
BRDA:102,2,0,1
BRDA:102,2,1,0
BRDA:102,3,0,1
BRDA:102,3,1,0
BRDA:106,4,0,0
BRDA:106,4,1,0
BRF:10
BRH:4
end_of_record
TN:
SF:/Users/rodrigonascimento/Projects/Rocket.Chat.ReactNative/app/constants/colors.js
FNF:0
FNH:0
DA:1,1
DA:2,1
LF:2
LH:2
BRF:0
BRH:0
end_of_record
TN:
SF:/Users/rodrigonascimento/Projects/Rocket.Chat.ReactNative/app/utils/avatarInitialsAndColor.js
FN:3,(anonymous_0)
FNF:1
FNH:1
FNDA:1,(anonymous_0)
DA:4,1
DA:6,1
DA:7,1
DA:9,1
DA:11,1
DA:12,1
DA:14,1
LF:7
LH:7
BRDA:3,0,0,0
BRDA:11,1,0,0
BRDA:11,1,1,1
BRF:3
BRH:1
end_of_record
