TN:
SF:/Users/rodrigonascimento/Projects/Rocket.Chat.ReactNative/app/components/RoomItem.js
FN:70,(anonymous_0)
FN:103,(anonymous_1)
FN:119,(anonymous_2)
FNF:3
FNH:3
FNDA:1,(anonymous_0)
FNDA:1,(anonymous_1)
FNDA:1,(anonymous_2)
DA:7,1
DA:11,1
DA:71,1
DA:73,1
DA:80,1
DA:81,0
DA:84,1
DA:85,1
DA:86,1
DA:94,0
DA:96,0
DA:104,1
DA:105,1
DA:108,0
DA:109,0
DA:112,0
DA:120,1
DA:122,1
LF:18
LH:12
BRDA:80,0,0,0
BRDA:80,0,1,1
BRDA:84,1,0,1
BRDA:84,1,1,0
BRDA:104,2,0,1
BRDA:104,2,1,0
BRDA:104,3,0,1
BRDA:104,3,1,0
BRDA:108,4,0,0
BRDA:108,4,1,0
BRF:10
BRH:4
end_of_record
TN:
SF:/Users/rodrigonascimento/Projects/Rocket.Chat.ReactNative/app/constants/colors.js
FNF:0
FNH:0
DA:1,1
DA:2,1
LF:2
LH:2
BRF:0
BRH:0
end_of_record
TN:
SF:/Users/rodrigonascimento/Projects/Rocket.Chat.ReactNative/app/utils/avatarInitialsAndColor.js
FN:3,(anonymous_0)
FNF:1
FNH:1
FNDA:1,(anonymous_0)
DA:4,1
DA:6,1
DA:7,1
DA:9,1
DA:11,1
DA:12,1
DA:14,1
LF:7
LH:7
BRDA:3,0,0,0
BRDA:11,1,0,0
BRDA:11,1,1,1
BRF:3
BRH:1
end_of_record
